0 info it worked if it ends with ok
1 verbose cli [ '/usr/bin/node',
1 verbose cli   '/usr/bin/npm',
1 verbose cli   'install',
1 verbose cli   '--save',
1 verbose cli   'expression-session' ]
2 info using npm@1.4.28
3 info using node@v0.10.37
4 verbose node symlink /usr/bin/node
5 verbose readDependencies using package.json deps
6 verbose cache add [ 'expression-session', null ]
7 verbose cache add name=undefined spec="expression-session" args=["expression-session",null]
8 verbose parsed url { protocol: null,
8 verbose parsed url   slashes: null,
8 verbose parsed url   auth: null,
8 verbose parsed url   host: null,
8 verbose parsed url   port: null,
8 verbose parsed url   hostname: null,
8 verbose parsed url   hash: null,
8 verbose parsed url   search: null,
8 verbose parsed url   query: null,
8 verbose parsed url   pathname: 'expression-session',
8 verbose parsed url   path: 'expression-session',
8 verbose parsed url   href: 'expression-session' }
9 silly lockFile 90804112-expression-session expression-session
10 verbose lock expression-session /home/rodrigo/.npm/90804112-expression-session.lock
11 silly lockFile 90804112-expression-session expression-session
12 silly lockFile 90804112-expression-session expression-session
13 verbose addNamed [ 'expression-session', '' ]
14 verbose addNamed [ null, '*' ]
15 silly lockFile 4f48197d-expression-session expression-session@
16 verbose lock expression-session@ /home/rodrigo/.npm/4f48197d-expression-session.lock
17 silly addNameRange { name: 'expression-session', range: '*', hasData: false }
18 verbose request where is /expression-session
19 verbose request registry https://registry.npmjs.org/
20 verbose request id fad8baf33b278ca2
21 verbose url raw /expression-session
22 verbose url resolving [ 'https://registry.npmjs.org/', './expression-session' ]
23 verbose url resolved https://registry.npmjs.org/expression-session
24 verbose request where is https://registry.npmjs.org/expression-session
25 info trying registry request attempt 1 at 17:52:09
26 http GET https://registry.npmjs.org/expression-session
27 http 404 https://registry.npmjs.org/expression-session
28 silly registry.get cb [ 404,
28 silly registry.get   { 'content-type': 'application/json',
28 silly registry.get     'cache-control': 'max-age=0',
28 silly registry.get     'content-length': '2',
28 silly registry.get     'accept-ranges': 'bytes',
28 silly registry.get     date: 'Mon, 08 Feb 2016 19:52:17 GMT',
28 silly registry.get     via: '1.1 varnish',
28 silly registry.get     age: '0',
28 silly registry.get     connection: 'keep-alive',
28 silly registry.get     'x-served-by': 'cache-jfk1043-JFK',
28 silly registry.get     'x-cache': 'MISS',
28 silly registry.get     'x-cache-hits': '0',
28 silly registry.get     'x-timer': 'S1454961137.422129,VS0,VE95' } ]
29 silly lockFile 4f48197d-expression-session expression-session@
30 silly lockFile 4f48197d-expression-session expression-session@
31 error 404 Not Found
31 error 404
31 error 404 'expression-session' is not in the npm registry.
31 error 404 You should bug the author to publish it
31 error 404 It was specified as a dependency of 'clementinejs'
31 error 404
31 error 404 Note that you can also install from a
31 error 404 tarball, folder, or http url, or git url.
32 error System Linux 3.13.0-74-generic
33 error command "/usr/bin/node" "/usr/bin/npm" "install" "--save" "expression-session"
34 error cwd /home/rodrigo/workspace/fcc-voting-app
35 error node -v v0.10.37
36 error npm -v 1.4.28
37 error code E404
38 verbose exit [ 1, true ]
